# JRE version: OpenJDK Runtime Environment Temurin-17.0.5+8 (17.0.5+8) (build 17.0.5+8)
# Java VM: OpenJDK 64-Bit Server VM Temurin-17.0.5+8 (17.0.5+8, mixed mode, tiered, compressed oops, compressed class ptrs, parallel gc, linux-amd64)
GC Precious Log:
 CPUs: 2 total, 2 available
 Memory: 1992M
 Large Page Support: Disabled
 NUMA Support: Disabled
 Compressed Oops: Enabled (32-bit)
 Alignments: Space 512K, Generation 512K, Heap 2M
 Heap Min Capacity: 100M
 Heap Initial Capacity: 100M
 Heap Max Capacity: 1G
 Pre-touch: Disabled
 Parallel Workers: 2
Heap:
 PSYoungGen      total 33280K, used 8680K [0x00000000eab00000, 0x00000000ed580000, 0x0000000100000000)
  eden space 24576K, 0% used [0x00000000eab00000,0x00000000eab00000,0x00000000ec300000)
  from space 8704K, 99% used [0x00000000ec480000,0x00000000eccfa3f8,0x00000000ecd00000)
  to   space 7680K, 0% used [0x00000000ece00000,0x00000000ece00000,0x00000000ed580000)
 ParOldGen       total 313856K, used 310446K [0x00000000c0000000, 0x00000000d3280000, 0x00000000eab00000)
  object space 313856K, 98% used [0x00000000c0000000,0x00000000d2f2bb30,0x00000000d3280000)
 Metaspace       used 66707K, committed 67840K, reserved 1114112K
  class space    used 7200K, committed 7680K, reserved 1048576K
GC Heap History (20 events):
Event: 30.234 GC heap after
{Heap after GC invocations=137 (full 8):
 PSYoungGen      total 35328K, used 5645K [0x00000000eab00000, 0x00000000ed680000, 0x0000000100000000)
  eden space 29184K, 0% used [0x00000000eab00000,0x00000000eab00000,0x00000000ec780000)
  from space 6144K, 91% used [0x00000000ed080000,0x00000000ed603468,0x00000000ed680000)
  to   space 7680K, 0% used [0x00000000ec780000,0x00000000ec780000,0x00000000ecf00000)
 ParOldGen       total 255488K, used 248646K [0x00000000c0000000, 0x00000000cf980000, 0x00000000eab00000)
  object space 255488K, 97% used [0x00000000c0000000,0x00000000cf2d1bc0,0x00000000cf980000)
 Metaspace       used 65678K, committed 66688K, reserved 1114112K
  class space    used 7054K, committed 7488K, reserved 1048576K
}
Event: 31.098 GC heap before
{Heap before GC invocations=138 (full 8):
 PSYoungGen      total 35328K, used 34829K [0x00000000eab00000, 0x00000000ed680000, 0x0000000100000000)
  eden space 29184K, 100% used [0x00000000eab00000,0x00000000ec780000,0x00000000ec780000)
  from space 6144K, 91% used [0x00000000ed080000,0x00000000ed603468,0x00000000ed680000)
  to   space 7680K, 0% used [0x00000000ec780000,0x00000000ec780000,0x00000000ecf00000)
 ParOldGen       total 255488K, used 248646K [0x00000000c0000000, 0x00000000cf980000, 0x00000000eab00000)
  object space 255488K, 97% used [0x00000000c0000000,0x00000000cf2d1bc0,0x00000000cf980000)
 Metaspace       used 65693K, committed 66688K, reserved 1114112K
  class space    used 7054K, committed 7488K, reserved 1048576K
}
Event: 31.186 GC heap after
{Heap after GC invocations=138 (full 8):
 PSYoungGen      total 36864K, used 6603K [0x00000000eab00000, 0x00000000ed880000, 0x0000000100000000)
  eden space 29184K, 0% used [0x00000000eab00000,0x00000000eab00000,0x00000000ec780000)
  from space 7680K, 85% used [0x00000000ec780000,0x00000000ecdf2d08,0x00000000ecf00000)
  to   space 7168K, 0% used [0x00000000ed180000,0x00000000ed180000,0x00000000ed880000)
 ParOldGen       total 255488K, used 254230K [0x00000000c0000000, 0x00000000cf980000, 0x00000000eab00000)
  object space 255488K, 99% used [0x00000000c0000000,0x00000000cf8458d0,0x00000000cf980000)
 Metaspace       used 65693K, committed 66688K, reserved 1114112K
  class space    used 7054K, committed 7488K, reserved 1048576K
}
Event: 31.186 GC heap before
{Heap before GC invocations=139 (full 9):
 PSYoungGen      total 36864K, used 6603K [0x00000000eab00000, 0x00000000ed880000, 0x0000000100000000)
  eden space 29184K, 0% used [0x00000000eab00000,0x00000000eab00000,0x00000000ec780000)
  from space 7680K, 85% used [0x00000000ec780000,0x00000000ecdf2d08,0x00000000ecf00000)
  to   space 7168K, 0% used [0x00000000ed180000,0x00000000ed180000,0x00000000ed880000)
 ParOldGen       total 255488K, used 254230K [0x00000000c0000000, 0x00000000cf980000, 0x00000000eab00000)
  object space 255488K, 99% used [0x00000000c0000000,0x00000000cf8458d0,0x00000000cf980000)
 Metaspace       used 65693K, committed 66688K, reserved 1114112K
  class space    used 7054K, committed 7488K, reserved 1048576K
}
Event: 32.380 GC heap after
{Heap after GC invocations=139 (full 9):
 PSYoungGen      total 36864K, used 2447K [0x00000000eab00000, 0x00000000ed880000, 0x0000000100000000)
  eden space 29184K, 0% used [0x00000000eab00000,0x00000000eab00000,0x00000000ec780000)
  from space 7680K, 31% used [0x00000000ec780000,0x00000000ec9e3c60,0x00000000ecf00000)
  to   space 7168K, 0% used [0x00000000ed180000,0x00000000ed180000,0x00000000ed880000)
 ParOldGen       total 313856K, used 255259K [0x00000000c0000000, 0x00000000d3280000, 0x00000000eab00000)
  object space 313856K, 81% used [0x00000000c0000000,0x00000000cf946c60,0x00000000d3280000)
 Metaspace       used 65693K, committed 66688K, reserved 1114112K
  class space    used 7054K, committed 7488K, reserved 1048576K
}
Event: 33.280 GC heap before
{Heap before GC invocations=140 (full 9):
 PSYoungGen      total 36864K, used 31631K [0x00000000eab00000, 0x00000000ed880000, 0x0000000100000000)
  eden space 29184K, 100% used [0x00000000eab00000,0x00000000ec780000,0x00000000ec780000)
  from space 7680K, 31% used [0x00000000ec780000,0x00000000ec9e3c60,0x00000000ecf00000)
  to   space 7168K, 0% used [0x00000000ed180000,0x00000000ed180000,0x00000000ed880000)
 ParOldGen       total 313856K, used 255259K [0x00000000c0000000, 0x00000000d3280000, 0x00000000eab00000)
  object space 313856K, 81% used [0x00000000c0000000,0x00000000cf946c60,0x00000000d3280000)
 Metaspace       used 65903K, committed 67008K, reserved 1114112K
  class space    used 7074K, committed 7552K, reserved 1048576K
}
Event: 33.484 GC heap after
{Heap after GC invocations=140 (full 9):
 PSYoungGen      total 37888K, used 7151K [0x00000000eab00000, 0x00000000edb80000, 0x0000000100000000)
  eden space 30720K, 0% used [0x00000000eab00000,0x00000000eab00000,0x00000000ec900000)
  from space 7168K, 99% used [0x00000000ed180000,0x00000000ed87bf30,0x00000000ed880000)
  to   space 8704K, 0% used [0x00000000ec900000,0x00000000ec900000,0x00000000ed180000)
 ParOldGen       total 313856K, used 256366K [0x00000000c0000000, 0x00000000d3280000, 0x00000000eab00000)
  object space 313856K, 81% used [0x00000000c0000000,0x00000000cfa5b978,0x00000000d3280000)
 Metaspace       used 65903K, committed 67008K, reserved 1114112K
  class space    used 7074K, committed 7552K, reserved 1048576K
}
Event: 34.243 GC heap before
{Heap before GC invocations=141 (full 9):
 PSYoungGen      total 37888K, used 37871K [0x00000000eab00000, 0x00000000edb80000, 0x0000000100000000)
  eden space 30720K, 100% used [0x00000000eab00000,0x00000000ec900000,0x00000000ec900000)
  from space 7168K, 99% used [0x00000000ed180000,0x00000000ed87bf30,0x00000000ed880000)
  to   space 8704K, 0% used [0x00000000ec900000,0x00000000ec900000,0x00000000ed180000)
 ParOldGen       total 313856K, used 256366K [0x00000000c0000000, 0x00000000d3280000, 0x00000000eab00000)
  object space 313856K, 81% used [0x00000000c0000000,0x00000000cfa5b978,0x00000000d3280000)
 Metaspace       used 65985K, committed 67072K, reserved 1114112K
  class space    used 7087K, committed 7552K, reserved 1048576K
}
Event: 34.351 GC heap after
{Heap after GC invocations=141 (full 9):
 PSYoungGen      total 39424K, used 6833K [0x00000000eab00000, 0x00000000edb00000, 0x0000000100000000)
  eden space 30720K, 0% used [0x00000000eab00000,0x00000000eab00000,0x00000000ec900000)
  from space 8704K, 78% used [0x00000000ec900000,0x00000000ecfac420,0x00000000ed180000)
  to   space 7680K, 0% used [0x00000000ed380000,0x00000000ed380000,0x00000000edb00000)
 ParOldGen       total 313856K, used 263462K [0x00000000c0000000, 0x00000000d3280000, 0x00000000eab00000)
  object space 313856K, 83% used [0x00000000c0000000,0x00000000d0149a18,0x00000000d3280000)
 Metaspace       used 65985K, committed 67072K, reserved 1114112K
  class space    used 7087K, committed 7552K, reserved 1048576K
}
Event: 35.377 GC heap before
{Heap before GC invocations=142 (full 9):
 PSYoungGen      total 39424K, used 37553K [0x00000000eab00000, 0x00000000edb00000, 0x0000000100000000)
  eden space 30720K, 100% used [0x00000000eab00000,0x00000000ec900000,0x00000000ec900000)
  from space 8704K, 78% used [0x00000000ec900000,0x00000000ecfac420,0x00000000ed180000)
  to   space 7680K, 0% used [0x00000000ed380000,0x00000000ed380000,0x00000000edb00000)
 ParOldGen       total 313856K, used 263462K [0x00000000c0000000, 0x00000000d3280000, 0x00000000eab00000)
  object space 313856K, 83% used [0x00000000c0000000,0x00000000d0149a18,0x00000000d3280000)
 Metaspace       used 66495K, committed 67520K, reserved 1114112K
  class space    used 7178K, committed 7616K, reserved 1048576K
}
Event: 35.518 GC heap after
{Heap after GC invocations=142 (full 9):
 PSYoungGen      total 34816K, used 7670K [0x00000000eab00000, 0x00000000ee800000, 0x0000000100000000)
  eden space 27136K, 0% used [0x00000000eab00000,0x00000000eab00000,0x00000000ec580000)
  from space 7680K, 99% used [0x00000000ed380000,0x00000000edafda10,0x00000000edb00000)
  to   space 14336K, 0% used [0x00000000ec580000,0x00000000ec580000,0x00000000ed380000)
 ParOldGen       total 313856K, used 269021K [0x00000000c0000000, 0x00000000d3280000, 0x00000000eab00000)
  object space 313856K, 85% used [0x00000000c0000000,0x00000000d06b7590,0x00000000d3280000)
 Metaspace       used 66495K, committed 67520K, reserved 1114112K
  class space    used 7178K, committed 7616K, reserved 1048576K
}
Event: 37.114 GC heap before
{Heap before GC invocations=143 (full 9):
 PSYoungGen      total 34816K, used 34806K [0x00000000eab00000, 0x00000000ee800000, 0x0000000100000000)
  eden space 27136K, 100% used [0x00000000eab00000,0x00000000ec580000,0x00000000ec580000)
  from space 7680K, 99% used [0x00000000ed380000,0x00000000edafda10,0x00000000edb00000)
  to   space 14336K, 0% used [0x00000000ec580000,0x00000000ec580000,0x00000000ed380000)
 ParOldGen       total 313856K, used 269021K [0x00000000c0000000, 0x00000000d3280000, 0x00000000eab00000)
  object space 313856K, 85% used [0x00000000c0000000,0x00000000d06b7590,0x00000000d3280000)
 Metaspace       used 66532K, committed 67584K, reserved 1114112K
  class space    used 7183K, committed 7616K, reserved 1048576K
}
Event: 37.350 GC heap after
{Heap after GC invocations=143 (full 9):
 PSYoungGen      total 34816K, used 7236K [0x00000000eab00000, 0x00000000edb00000, 0x0000000100000000)
  eden space 27136K, 0% used [0x00000000eab00000,0x00000000eab00000,0x00000000ec580000)
  from space 7680K, 94% used [0x00000000ec580000,0x00000000ecc91338,0x00000000ecd00000)
  to   space 9728K, 0% used [0x00000000ed180000,0x00000000ed180000,0x00000000edb00000)
 ParOldGen       total 313856K, used 276753K [0x00000000c0000000, 0x00000000d3280000, 0x00000000eab00000)
  object space 313856K, 88% used [0x00000000c0000000,0x00000000d0e44628,0x00000000d3280000)
 Metaspace       used 66532K, committed 67584K, reserved 1114112K
  class space    used 7183K, committed 7616K, reserved 1048576K
}
Event: 39.750 GC heap before
{Heap before GC invocations=144 (full 9):
 PSYoungGen      total 34816K, used 34372K [0x00000000eab00000, 0x00000000edb00000, 0x0000000100000000)
  eden space 27136K, 100% used [0x00000000eab00000,0x00000000ec580000,0x00000000ec580000)
  from space 7680K, 94% used [0x00000000ec580000,0x00000000ecc91338,0x00000000ecd00000)
  to   space 9728K, 0% used [0x00000000ed180000,0x00000000ed180000,0x00000000edb00000)
 ParOldGen       total 313856K, used 276753K [0x00000000c0000000, 0x00000000d3280000, 0x00000000eab00000)
  object space 313856K, 88% used [0x00000000c0000000,0x00000000d0e44628,0x00000000d3280000)
 Metaspace       used 66545K, committed 67648K, reserved 1114112K
  class space    used 7184K, committed 7616K, reserved 1048576K
}
Event: 40.070 GC heap after
{Heap after GC invocations=144 (full 9):
 PSYoungGen      total 31744K, used 9697K [0x00000000eab00000, 0x00000000eea00000, 0x0000000100000000)
  eden space 22016K, 0% used [0x00000000eab00000,0x00000000eab00000,0x00000000ec080000)
  from space 9728K, 99% used [0x00000000ed180000,0x00000000edaf8528,0x00000000edb00000)
  to   space 17408K, 0% used [0x00000000ec080000,0x00000000ec080000,0x00000000ed180000)
 ParOldGen       total 313856K, used 282705K [0x00000000c0000000, 0x00000000d3280000, 0x00000000eab00000)
  object space 313856K, 90% used [0x00000000c0000000,0x00000000d1414430,0x00000000d3280000)
 Metaspace       used 66545K, committed 67648K, reserved 1114112K
  class space    used 7184K, committed 7616K, reserved 1048576K
}
Event: 41.454 GC heap before
{Heap before GC invocations=145 (full 9):
 PSYoungGen      total 31744K, used 31692K [0x00000000eab00000, 0x00000000eea00000, 0x0000000100000000)
  eden space 22016K, 99% used [0x00000000eab00000,0x00000000ec07ae38,0x00000000ec080000)
  from space 9728K, 99% used [0x00000000ed180000,0x00000000edaf8528,0x00000000edb00000)
  to   space 17408K, 0% used [0x00000000ec080000,0x00000000ec080000,0x00000000ed180000)
 ParOldGen       total 313856K, used 282705K [0x00000000c0000000, 0x00000000d3280000, 0x00000000eab00000)
  object space 313856K, 90% used [0x00000000c0000000,0x00000000d1414430,0x00000000d3280000)
 Metaspace       used 66548K, committed 67648K, reserved 1114112K
  class space    used 7184K, committed 7616K, reserved 1048576K
}
Event: 41.844 GC heap after
{Heap after GC invocations=145 (full 9):
 PSYoungGen      total 30720K, used 8385K [0x00000000eab00000, 0x00000000ed900000, 0x0000000100000000)
  eden space 22016K, 0% used [0x00000000eab00000,0x00000000eab00000,0x00000000ec080000)
  from space 8704K, 96% used [0x00000000ec080000,0x00000000ec8b0640,0x00000000ec900000)
  to   space 11264K, 0% used [0x00000000ece00000,0x00000000ece00000,0x00000000ed900000)
 ParOldGen       total 313856K, used 292277K [0x00000000c0000000, 0x00000000d3280000, 0x00000000eab00000)
  object space 313856K, 93% used [0x00000000c0000000,0x00000000d1d6d460,0x00000000d3280000)
 Metaspace       used 66548K, committed 67648K, reserved 1114112K
  class space    used 7184K, committed 7616K, reserved 1048576K
}
Event: 43.941 GC heap before
{Heap before GC invocations=146 (full 9):
 PSYoungGen      total 30720K, used 30401K [0x00000000eab00000, 0x00000000ed900000, 0x0000000100000000)
  eden space 22016K, 100% used [0x00000000eab00000,0x00000000ec080000,0x00000000ec080000)
  from space 8704K, 96% used [0x00000000ec080000,0x00000000ec8b0640,0x00000000ec900000)
  to   space 11264K, 0% used [0x00000000ece00000,0x00000000ece00000,0x00000000ed900000)
 ParOldGen       total 313856K, used 292277K [0x00000000c0000000, 0x00000000d3280000, 0x00000000eab00000)
  object space 313856K, 93% used [0x00000000c0000000,0x00000000d1d6d460,0x00000000d3280000)
 Metaspace       used 66549K, committed 67648K, reserved 1114112K
  class space    used 7184K, committed 7616K, reserved 1048576K
}
Event: 44.079 GC heap after
{Heap after GC invocations=146 (full 9):
 PSYoungGen      total 32256K, used 7660K [0x00000000eab00000, 0x00000000ed580000, 0x0000000100000000)
  eden space 24576K, 0% used [0x00000000eab00000,0x00000000eab00000,0x00000000ec300000)
  from space 7680K, 99% used [0x00000000ece00000,0x00000000ed57b228,0x00000000ed580000)
  to   space 8704K, 0% used [0x00000000ec480000,0x00000000ec480000,0x00000000ecd00000)
 ParOldGen       total 313856K, used 300452K [0x00000000c0000000, 0x00000000d3280000, 0x00000000eab00000)
  object space 313856K, 95% used [0x00000000c0000000,0x00000000d2569140,0x00000000d3280000)
 Metaspace       used 66549K, committed 67648K, reserved 1114112K
  class space    used 7184K, committed 7616K, reserved 1048576K
}
Event: 53.314 GC heap before
{Heap before GC invocations=147 (full 9):
 PSYoungGen      total 32256K, used 32236K [0x00000000eab00000, 0x00000000ed580000, 0x0000000100000000)
  eden space 24576K, 100% used [0x00000000eab00000,0x00000000ec300000,0x00000000ec300000)
  from space 7680K, 99% used [0x00000000ece00000,0x00000000ed57b228,0x00000000ed580000)
  to   space 8704K, 0% used [0x00000000ec480000,0x00000000ec480000,0x00000000ecd00000)
 ParOldGen       total 313856K, used 300452K [0x00000000c0000000, 0x00000000d3280000, 0x00000000eab00000)
  object space 313856K, 95% used [0x00000000c0000000,0x00000000d2569140,0x00000000d3280000)
 Metaspace       used 66707K, committed 67840K, reserved 1114112K
  class space    used 7200K, committed 7680K, reserved 1048576K
}

